#
# There is insufficient memory for the Java Runtime Environment to continue.
# Native memory allocation (mmap) failed to map 268435456 bytes for Failed to commit area from 0x0000000701a00000 to 0x0000000711a00000 of length 268435456.
# Possible reasons:
#   The system is out of physical RAM or swap space
#   The process is running with CompressedOops enabled, and the Java Heap may be blocking the growth of the native heap
# Possible solutions:
#   Reduce memory load on the system
#   Increase physical memory or swap space
#   Check if swap backing store is full
#   Decrease Java heap size (-Xmx/-Xms)
#   Decrease number of Java threads
#   Decrease Java thread stack sizes (-Xss)
#   Set larger code cache with -XX:ReservedCodeCacheSize=
# This output file may be truncated or incomplete.
#
#  Out of Memory Error (./src/hotspot/os/windows/os_windows.cpp:3624), pid=61236, tid=61124
#
# JRE version:  (11.0.14.1+1) (build )
# Java VM: OpenJDK 64-Bit Server VM (11.0.14.1+1-b1751.46, mixed mode, sharing, tiered, compressed oops, g1 gc, windows-amd64)
# No core dump will be written. Minidumps are not enabled by default on client versions of Windows
#

---------------  S U M M A R Y ------------

Command Line: git4idea.http.GitAskPassApp Username for 'https://github.com': 

Host: Intel(R) Core(TM) i7-8750H CPU @ 2.20GHz, 12 cores, 15G,  Windows 11 , 64 bit Build 22000 (10.0.22000.434)
Time: Sun Apr  3 23:35:56 2022 中国标准时间 elapsed time: 0.018735 seconds (0d 0h 0m 0s)

---------------  T H R E A D  ---------------

Current thread (0x000001838e2d1800):  JavaThread "Unknown thread" [_thread_in_vm, id=61124, stack(0x000000795e700000,0x000000795e800000)]

Stack: [0x000000795e700000,0x000000795e800000]
Native frames: (J=compiled Java code, j=interpreted, Vv=VM code, C=native code)
V  [jvm.dll+0x61601a]
V  [jvm.dll+0x79c3b0]
V  [jvm.dll+0x79d9cd]
V  [jvm.dll+0x79e0a3]
V  [jvm.dll+0x24ca38]
V  [jvm.dll+0x613074]
V  [jvm.dll+0x607d75]
V  [jvm.dll+0x30b05b]
V  [jvm.dll+0x30afca]
V  [jvm.dll+0x30aea2]
V  [jvm.dll+0x30fde6]
V  [jvm.dll+0x35b473]
V  [jvm.dll+0x35bb76]
V  [jvm.dll+0x35b573]
V  [jvm.dll+0x2e57b8]
V  [jvm.dll+0x2e6967]
V  [jvm.dll+0x779377]
V  [jvm.dll+0x77ab6c]
V  [jvm.dll+0x368a19]
V  [jvm.dll+0x75ce8e]
V  [jvm.dll+0x3d6aa3]
V  [jvm.dll+0x3d8ff1]
C  [jli.dll+0x536b]
C  [ucrtbase.dll+0x26c0c]
C  [KERNEL32.DLL+0x154e0]
C  [ntdll.dll+0x485b]


---------------  P R O C E S S  ---------------

Threads class SMR info:
_java_thread_list=0x000001838c0e1990, length=0, elements={
}

Java Threads: ( => current thread )

Other Threads:
  0x000001838e2ee000 GCTaskThread "GC Thread#0" [stack: 0x000000795e800000,0x000000795e900000] [id=36560]
  0x000001838e34a000 ConcurrentGCThread "G1 Main Marker" [stack: 0x000000795e900000,0x000000795ea00000] [id=52636]
  0x000001838e34c800 ConcurrentGCThread "G1 Conc#0" [stack: 0x000000795ea00000,0x000000795eb00000] [id=15700]

[error occurred during error reporting (printing all threads), id 0xc0000005, EXCEPTION_ACCESS_VIOLATION (0xc0000005) at pc=0x00007ffcabe65f37]

VM state:not at safepoint (not fully initialized)

VM Mutex/Monitor currently owned by a thread:  ([mutex/lock_event])
[0x000001838e2cd040] Heap_lock - owner thread: 0x000001838e2d1800

Heap address: 0x0000000701a00000, size: 4070 MB, Compressed Oops mode: Non-zero based: 0x0000000701a00000
Narrow klass base: 0x0000000000000000, Narrow klass shift: 0

GC Heap History (0 events):
No events

Deoptimization events (0 events):
No events

Classes redefined (0 events):
No events

Internal exceptions (0 events):
No events

Events (1 events):
Event: 0.014 Loaded shared library E:\Program Files\JetBrains\apps\IDEA-U\ch-0\213.7172.25\jbr\bin\zip.dll


Dynamic libraries:
0x00007ff6426c0000 - 0x00007ff6426ca000 	E:\Program Files\JetBrains\apps\IDEA-U\ch-0\213.7172.25\jbr\bin\java.exe
0x00007ffd1d980000 - 0x00007ffd1db89000 	C:\WINDOWS\SYSTEM32\ntdll.dll
0x00007ffd1c5f0000 - 0x00007ffd1c6ad000 	C:\WINDOWS\System32\KERNEL32.DLL
0x00007ffd1aef0000 - 0x00007ffd1b264000 	C:\WINDOWS\System32\KERNELBASE.dll
0x00007ffd1b400000 - 0x00007ffd1b511000 	C:\WINDOWS\System32\ucrtbase.dll
0x00007ffcdcfc0000 - 0x00007ffcdcfd9000 	E:\Program Files\JetBrains\apps\IDEA-U\ch-0\213.7172.25\jbr\bin\jli.dll
0x00007ffcdcf70000 - 0x00007ffcdcf86000 	E:\Program Files\JetBrains\apps\IDEA-U\ch-0\213.7172.25\jbr\bin\VCRUNTIME140.dll
0x00007ffd1d770000 - 0x00007ffd1d91c000 	C:\WINDOWS\System32\USER32.dll
0x00007ffd1b520000 - 0x00007ffd1b546000 	C:\WINDOWS\System32\win32u.dll
0x00007ffd1cc00000 - 0x00007ffd1cc29000 	C:\WINDOWS\System32\GDI32.dll
0x00007ffd0e540000 - 0x00007ffd0e7e5000 	C:\WINDOWS\WinSxS\amd64_microsoft.windows.common-controls_6595b64144ccf1df_6.0.22000.120_none_9d947278b86cc467\COMCTL32.dll
0x00007ffd1b2e0000 - 0x00007ffd1b3f2000 	C:\WINDOWS\System32\gdi32full.dll
0x00007ffd1c6b0000 - 0x00007ffd1c753000 	C:\WINDOWS\System32\msvcrt.dll
0x00007ffd1b550000 - 0x00007ffd1b5ed000 	C:\WINDOWS\System32\msvcp_win.dll
0x00007ffd1ca70000 - 0x00007ffd1caa1000 	C:\WINDOWS\System32\IMM32.DLL
0x00007ffcd2110000 - 0x00007ffcd21ba000 	E:\Program Files\JetBrains\apps\IDEA-U\ch-0\213.7172.25\jbr\bin\msvcp140.dll
0x00007ffcabb70000 - 0x00007ffcac6ea000 	E:\Program Files\JetBrains\apps\IDEA-U\ch-0\213.7172.25\jbr\bin\server\jvm.dll
0x00007ffd1cc40000 - 0x00007ffd1ccee000 	C:\WINDOWS\System32\ADVAPI32.dll
0x00007ffd1cd10000 - 0x00007ffd1cdae000 	C:\WINDOWS\System32\sechost.dll
0x00007ffd1cea0000 - 0x00007ffd1cfc0000 	C:\WINDOWS\System32\RPCRT4.dll
0x00007ffd1c7c0000 - 0x00007ffd1c7c8000 	C:\WINDOWS\System32\PSAPI.DLL
0x00007ffd177f0000 - 0x00007ffd177f9000 	C:\WINDOWS\SYSTEM32\WSOCK32.dll
0x00007ffd15050000 - 0x00007ffd15083000 	C:\WINDOWS\SYSTEM32\WINMM.dll
0x00007ffd1d4e0000 - 0x00007ffd1d54f000 	C:\WINDOWS\System32\WS2_32.dll
0x00007ffd136b0000 - 0x00007ffd136ba000 	C:\WINDOWS\SYSTEM32\VERSION.dll
0x00007ffd1a060000 - 0x00007ffd1a078000 	C:\WINDOWS\SYSTEM32\kernel.appcore.dll
0x00007ffcfb2b0000 - 0x00007ffcfb2c1000 	E:\Program Files\JetBrains\apps\IDEA-U\ch-0\213.7172.25\jbr\bin\verify.dll
0x00007ffd0e7f0000 - 0x00007ffd0ea11000 	C:\WINDOWS\SYSTEM32\DBGHELP.DLL
0x00007ffd0e2c0000 - 0x00007ffd0e2f1000 	C:\WINDOWS\SYSTEM32\dbgcore.DLL
0x00007ffd1ae70000 - 0x00007ffd1aeef000 	C:\WINDOWS\System32\bcryptPrimitives.dll
0x00007ffcfa040000 - 0x00007ffcfa069000 	E:\Program Files\JetBrains\apps\IDEA-U\ch-0\213.7172.25\jbr\bin\java.dll
0x00007ffd15150000 - 0x00007ffd1515b000 	E:\Program Files\JetBrains\apps\IDEA-U\ch-0\213.7172.25\jbr\bin\jimage.dll
0x00007ffcfb290000 - 0x00007ffcfb2a9000 	E:\Program Files\JetBrains\apps\IDEA-U\ch-0\213.7172.25\jbr\bin\zip.dll

dbghelp: loaded successfully - version: 4.0.5 - missing functions: none
symbol engine: initialized successfully - sym options: 0x614 - pdb path: .;E:\Program Files\JetBrains\apps\IDEA-U\ch-0\213.7172.25\jbr\bin;C:\WINDOWS\SYSTEM32;C:\WINDOWS\WinSxS\amd64_microsoft.windows.common-controls_6595b64144ccf1df_6.0.22000.120_none_9d947278b86cc467;E:\Program Files\JetBrains\apps\IDEA-U\ch-0\213.7172.25\jbr\bin\server

VM Arguments:
java_command: git4idea.http.GitAskPassApp Username for 'https://github.com': 
java_class_path (initial): E:/Program Files/JetBrains/apps/IDEA-U/ch-0/213.7172.25/plugins/git4idea/lib/git4idea-rt.jar;E:/Program Files/JetBrains/apps/IDEA-U/ch-0/213.7172.25/lib/3rd-party.jar;E:/Program Files/JetBrains/apps/IDEA-U/ch-0/213.7172.25/lib/3rd-party-rt.jar
Launcher Type: SUN_STANDARD

[Global flags]
     intx CICompilerCount                          = 4                                         {product} {ergonomic}
     uint ConcGCThreads                            = 3                                         {product} {ergonomic}
     uint G1ConcRefinementThreads                  = 10                                        {product} {ergonomic}
   size_t G1HeapRegionSize                         = 1048576                                   {product} {ergonomic}
    uintx GCDrainStackTargetSize                   = 64                                        {product} {ergonomic}
   size_t InitialHeapSize                          = 268435456                                 {product} {ergonomic}
   size_t MarkStackSize                            = 4194304                                   {product} {ergonomic}
   size_t MaxHeapSize                              = 4267704320                                {product} {ergonomic}
   size_t MinHeapDeltaBytes                        = 1048576                                   {product} {ergonomic}
    uintx NonNMethodCodeHeapSize                   = 5836300                                {pd product} {ergonomic}
    uintx NonProfiledCodeHeapSize                  = 122910970                              {pd product} {ergonomic}
    uintx ProfiledCodeHeapSize                     = 122910970                              {pd product} {ergonomic}
    uintx ReservedCodeCacheSize                    = 251658240                              {pd product} {ergonomic}
     bool SegmentedCodeCache                       = true                                      {product} {ergonomic}
     bool UseCompressedClassPointers               = true                                 {lp64_product} {ergonomic}
     bool UseCompressedOops                        = true                                 {lp64_product} {ergonomic}
     bool UseG1GC                                  = true                                      {product} {ergonomic}
     bool UseLargePagesIndividualAllocation        = false                                  {pd product} {ergonomic}

Logging:
Log output configuration:
 #0: stdout all=warning uptime,level,tags
 #1: stderr all=off uptime,level,tags

Environment Variables:
JAVA_HOME=C:\Program Files\Java\jdk1.8.0_271
PATH=D:/Program Files/Git/mingw64/libexec/git-core;D:/Program Files/Git/mingw64/libexec/git-core;D:\Program Files\Git\mingw64\bin;D:\Program Files\Git\usr\bin;C:\Users\King\bin;C:\Program Files\Microsoft MPI\Bin\;C:\Program Files\Common Files\Oracle\Java\javapath;C:\Program Files (x86)\Common Files\Oracle\Java\javapath;C:\Program Files (x86)\Razer Chroma SDK\bin;C:\Program Files\Razer Chroma SDK\bin;C:\Program Files (x86)\Razer\ChromaBroadcast\bin;C:\Program Files\Razer\ChromaBroadcast\bin;C:\Windows\system32;C:\Windows;C:\Windows\System32\Wbem;C:\Windows\System32\WindowsPowerShell\v1.0\;C:\Windows\System32\OpenSSH\;C:\Windows\system32\config\systemprofile\AppData\Local\Microsoft\WindowsApps;E:\mingw64\bin;C:\Program Files\NVIDIA Corporation\NVIDIA NvDLISR;E:\Program Files (x86)\NetSarang\Xftp 7\;E:\Program Files (x86)\NetSarang\Xshell 7\;e:\Program Files (x86)\Rational\common;C:\Program Files (x86)\NVIDIA Corporation\PhysX\Common;D:\Program Files\Git\cmd;D:\apache-maven-3.6.3\bin;D:\bigdate\hadoop-2.7.1\bin;D:\bigdate\hadoop-2.7.1\sbin;C:\Program Files\Java\jdk1.8.0_271\jre;D:\Program Files (x86)\scala\bin;D:\scala\bin;D:\bigdate\spark-2.4.3-bin-hadoop2.7\bin;D:\Program Files\nodejs\;C:\Program Files\Java\jdk1.8.0_271\bin;C:\Program Files\Pandoc\;C:\WINDOWS\system32;C:\WINDOWS;C:\WINDOWS\System32\Wbem;C:\WINDOWS\System32\WindowsPowerShell\v1.0\;C:\WINDOWS\System32\OpenSSH\;E:\Program Files\MongoDB\Server\5.0\bin;C:\Program Files\MySQL\MySQL Shell 8.0\bin\;C:\Users\King\AppData\Local\Programs\Python\Python38\Scripts\;C:\Users\King\AppData\Local\Programs\Python\Python38\;C:\Users\King\AppData\Local\Programs\Python\Launcher\;C:\Users\King\AppData\Local\Microsoft\WindowsApps;C:\Program Files\Bandizip\;C:\Users\King\apps\gsudo;C:\Users\King\AppData\Roaming\npm;%USERPROFILE%\AppData\Local\Microsoft\WindowsApps
USERNAME=King
DISPLAY=:0.0
LC_ALL=en_US.UTF-8
OS=Windows_NT
PROCESSOR_IDENTIFIER=Intel64 Family 6 Model 158 Stepping 10, GenuineIntel



---------------  S Y S T E M  ---------------

OS: Windows 11 , 64 bit Build 22000 (10.0.22000.434)
OS uptime: 8 days 6:46 hours

CPU:total 12 (initial active 12) (6 cores per cpu, 2 threads per core) family 6 model 158 stepping 10 microcode 0xde, cmov, cx8, fxsr, mmx, sse, sse2, sse3, ssse3, sse4.1, sse4.2, popcnt, avx, avx2, aes, clmul, erms, 3dnowpref, lzcnt, ht, tsc, tscinvbit, bmi1, bmi2, adx, fma

Memory: 4k page, system-wide physical 16274M (659M free)
TotalPageFile size 27794M (AvailPageFile size 113M)
current process WorkingSet (physical memory assigned to process): 10M, peak: 10M
current process commit charge ("private bytes"): 64M, peak: 320M

vm_info: OpenJDK 64-Bit Server VM (11.0.14.1+1-b1751.46) for windows-amd64 JRE (11.0.14.1+1-b1751.46), built on Feb 21 2022 15:19:20 by "" with MS VC++ 14.0 (VS2015)

END.
